  TIME / s,        HONO2           ,HO2           ,OH           ,O3P           ,O1D           ,O3           ,NO           ,NO2           ,
0.00000E+00    0.00000E+0000  0.00000E+0000  0.00000E+0000  0.00000E+0000  0.00000E+0000  7.55000E+0011  2.50000E+0007  6.00000E+0007 
0.36000E+04    7.08235E+0002  0.00000E+0000  0.00000E+0000  0.00000E+0000  0.00000E+0000  7.54968E+0011  2.38037E+0001  7.78935E+0007 
0.72000E+04    2.63243E+0003  0.00000E+0000  0.00000E+0000  0.00000E+0000  0.00000E+0000  7.54961E+0011  4.18217E+0001  7.13447E+0007 
0.10800E+05    5.46520E+0003  0.00000E+0000  0.00000E+0000  0.00000E+0000  0.00000E+0000  7.54955E+0011  5.47434E+0001  6.53491E+0007 
0.14400E+05    8.95801E+0003  0.00000E+0000  0.00000E+0000  0.00000E+0000  0.00000E+0000  7.54950E+0011  6.36572E+0001  5.98595E+0007 
0.18000E+05    1.29110E+0004  0.00000E+0000  0.00000E+0000  0.00000E+0000  0.00000E+0000  7.54945E+0011  6.94470E+0001  5.48329E+0007 
0.21600E+05    1.71645E+0004  0.00000E+0000  0.00000E+0000  0.00000E+0000  0.00000E+0000  7.54940E+0011  7.28094E+0001  5.02299E+0007 
0.25200E+05    2.15917E+0004  0.00000E+0000  0.00000E+0000  0.00000E+0000  0.00000E+0000  7.54936E+0011  7.42990E+0001  4.60146E+0007 
0.28800E+05    1.53091E+0005  2.55600E+0007  2.90115E+0005  4.44624E+0002  2.25535E-0004  7.54923E+0011  8.54423E+0005  8.21858E+0007 
0.32400E+05    3.28035E+0006  1.51305E+0008  1.66087E+0006  2.64792E+0003  1.34348E-0003  7.53930E+0011  4.26273E+0006  7.71390E+0007 
0.36000E+05    9.21193E+0006  1.98437E+0008  2.44979E+0006  4.37074E+0003  2.21767E-0003  7.51913E+0011  6.23784E+0006  6.90519E+0007 
0.39600E+05    1.58347E+0007  2.13650E+0008  2.72533E+0006  5.00234E+0003  2.53820E-0003  7.49440E+0011  6.43699E+0006  6.21362E+0007 
0.43200E+05    2.21222E+0007  2.16504E+0008  2.76481E+0006  5.08463E+0003  2.58002E-0003  7.46848E+0011  5.96619E+0006  5.63199E+0007 
0.46800E+05    2.78409E+0007  2.17026E+0008  2.76127E+0006  5.06683E+0003  2.57103E-0003  7.44248E+0011  5.43645E+0006  5.11680E+0007 
0.50400E+05    3.30035E+0007  2.15818E+0008  2.71760E+0006  4.95011E+0003  2.51186E-0003  7.41662E+0011  4.87726E+0006  4.66110E+0007 
0.54000E+05    3.74961E+0007  2.04074E+0008  2.44883E+0006  4.29635E+0003  2.18015E-0003  7.39192E+0011  3.97332E+0006  4.30769E+0007 
0.57600E+05    4.09171E+0007  1.65279E+0008  1.69961E+0006  2.58861E+0003  1.31358E-0003  7.37150E+0011  2.37981E+0006  4.13154E+0007 
0.61200E+05    4.27240E+0007  8.58263E+0007  5.81556E+0005  4.33307E+0002  2.19875E-0004  7.35979E+0011  4.44829E+0005  4.14119E+0007 
0.64800E+05    4.31422E+0007  2.47523E+0007  1.26347E+0005  2.83209E-0007  8.22240E-0273  7.35657E+0011  3.98763E+0000  3.93206E+0007 
0.68400E+05    4.32767E+0007  1.33887E+0007  6.89947E+0004  8.44515E-0008 -3.16025E-0315  7.35540E+0011  7.78069E+0000  3.67455E+0007 
0.72000E+05    4.33548E+0007  9.15467E+0006  4.74828E+0004  3.99990E-0008  0.00000E+0000  7.35467E+0011  1.07035E+0001  3.44606E+0007 
0.75600E+05    4.34083E+0007  6.94438E+0006  3.62124E+0004  2.32643E-0008  0.00000E+0000  7.35414E+0011  1.29780E+0001  3.23766E+0007 
0.79200E+05    4.34481E+0007  5.58761E+0006  2.92749E+0004  1.52043E-0008  0.00000E+0000  7.35372E+0011  1.47353E+0001  3.04573E+0007 
0.82800E+05    4.34792E+0007  4.67050E+0006  2.45739E+0004  1.07133E-0008  0.00000E+0000  7.35337E+0011  1.60708E+0001  2.86815E+0007 
0.86400E+05    4.35043E+0007  4.00947E+0006  2.11775E+0004  7.95658E-0009  0.00000E+0000  7.35307E+0011  1.70599E+0001  2.70341E+0007 
0.90000E+05    4.35251E+0007  3.51065E+0006  1.86086E+0004  6.14334E-0009  0.00000E+0000  7.35281E+0011  1.77642E+0001  2.55034E+0007 
0.93600E+05    4.35427E+0007  3.12101E+0006  1.65974E+0004  4.88718E-0009  0.00000E+0000  7.35258E+0011  1.82332E+0001  2.40791E+0007 
0.97200E+05    4.35578E+0007  2.80837E+0006  1.49800E+0004  3.98106E-0009  0.00000E+0000  7.35237E+0011  1.85097E+0001  2.27527E+0007 
0.10080E+06    4.35708E+0007  2.55204E+0006  1.36508E+0004  3.30594E-0009  0.00000E+0000  7.35218E+0011  1.86289E+0001  2.15164E+0007 
0.10440E+06    4.35823E+0007  2.33814E+0006  1.25392E+0004  2.78942E-0009  0.00000E+0000  7.35201E+0011  1.86201E+0001  2.03633E+0007 
0.10800E+06    4.35924E+0007  2.15699E+0006  1.15956E+0004  2.38540E-0009  0.00000E+0000  7.35185E+0011  1.85080E+0001  1.92873E+0007 
0.11160E+06    4.36014E+0007  2.00163E+0006  1.07846E+0004  2.06340E-0009  0.00000E+0000  7.35170E+0011  1.83130E+0001  1.82825E+0007 
0.11520E+06    4.36700E+0007  2.76010E+0007  2.96321E+0005  4.32853E+0002  2.19623E-0004  7.35134E+0011  4.29872E+0005  3.97253E+0007 
0.11880E+06    4.51572E+0007  1.53600E+0008  1.64317E+0006  2.57805E+0003  1.30824E-0003  7.34153E+0011  2.11790E+0006  3.74290E+0007 
0.12240E+06    4.79722E+0007  2.01261E+0008  2.42317E+0006  4.25535E+0003  2.15942E-0003  7.32166E+0011  3.10659E+0006  3.36167E+0007 
0.12600E+06    5.11215E+0007  2.16535E+0008  2.69596E+0006  4.87015E+0003  2.47144E-0003  7.29730E+0011  3.21533E+0006  3.03520E+0007 
0.12960E+06    5.41168E+0007  2.19269E+0008  2.73547E+0006  4.95015E+0003  2.51207E-0003  7.27179E+0011  2.98941E+0006  2.75953E+0007 
0.13320E+06    5.68456E+0007  2.19650E+0008  2.73241E+0006  4.93270E+0003  2.50324E-0003  7.24622E+0011  2.73225E+0006  2.51452E+0007 
0.13680E+06    5.93125E+0007  2.18283E+0008  2.68944E+0006  4.81897E+0003  2.44554E-0003  7.22082E+0011  2.45890E+0006  2.29751E+0007 
0.14040E+06    6.14622E+0007  2.06275E+0008  2.42302E+0006  4.18245E+0003  2.12254E-0003  7.19659E+0011  2.01027E+0006  2.13008E+0007 
0.14400E+06    6.31015E+0007  1.66956E+0008  1.67963E+0006  2.51995E+0003  1.27884E-0003  7.17658E+0011  1.20902E+0006  2.04955E+0007 
0.14760E+06    6.39673E+0007  8.66310E+0007  5.70960E+0005  4.21807E+0002  2.14060E-0004  7.16512E+0011  2.27175E+0005  2.05975E+0007 
0.15120E+06    6.41659E+0007  2.49496E+0007  1.22630E+0005  2.66792E-0007 -2.00874E-0262  7.16199E+0011  9.92811E-0001  1.95997E+0007 
0.15480E+06    6.42294E+0007  1.35123E+0007  6.68609E+0004  7.93087E-0008  0.00000E+0000  7.16087E+0011  1.94569E+0000  1.83524E+0007 
0.15840E+06    6.42662E+0007  9.25414E+0006  4.59731E+0004  3.74958E-0008  0.00000E+0000  7.16018E+0011  2.68842E+0000  1.72437E+0007 
0.16200E+06    6.42912E+0007  7.03119E+0006  3.50375E+0004  2.17792E-0008  0.00000E+0000  7.15967E+0011  3.27357E+0000  1.62307E+0007 
0.16560E+06    6.43098E+0007  5.66623E+0006  2.83094E+0004  1.42180E-0008  0.00000E+0000  7.15927E+0011  3.73221E+0000  1.52963E+0007 
0.16920E+06    6.43243E+0007  4.74312E+0006  2.37522E+0004  1.00088E-0008  0.00000E+0000  7.15894E+0011  4.08681E+0000  1.44302E+0007 
0.17280E+06    6.43359E+0007  4.07738E+0006  2.04608E+0004  7.42712E-0009  0.00000E+0000  7.15866E+0011  4.35485E+0000  1.36255E+0007 
0.17640E+06    6.43455E+0007  3.57465E+0006  1.79721E+0004  5.73022E-0009  0.00000E+0000  7.15842E+0011  4.55120E+0000  1.28765E+0007 
0.18000E+06    6.43535E+0007  3.18167E+0006  1.60241E+0004  4.55539E-0009  0.00000E+0000  7.15820E+0011  4.68804E+0000  1.21784E+0007 
0.18360E+06    6.43604E+0007  2.86610E+0006  1.44580E+0004  3.70844E-0009  0.00000E+0000  7.15800E+0011  4.77557E+0000  1.15272E+0007 
0.18720E+06    6.43663E+0007  2.60715E+0006  1.31713E+0004  3.07774E-0009  0.00000E+0000  7.15783E+0011  4.82236E+0000  1.09192E+0007 
0.19080E+06    6.43714E+0007  2.39088E+0006  1.20954E+0004  2.59545E-0009  0.00000E+0000  7.15767E+0011  4.83564E+0000  1.03513E+0007 
0.19440E+06    6.43759E+0007  2.20756E+0006  1.11823E+0004  2.21838E-0009  0.00000E+0000  7.15752E+0011  4.82151E+0000  9.82032E+0006 
0.19800E+06    6.43799E+0007  2.05022E+0006  1.03976E+0004  1.91799E-0009  0.00000E+0000  7.15738E+0011  4.78511E+0000  9.32371E+0006 
0.20160E+06    6.44127E+0007  2.80241E+0007  2.94141E+0005  4.21346E+0002  2.13815E-0004  7.15694E+0011  2.19438E+0005  1.97905E+0007 
0.20520E+06    6.51284E+0007  1.55157E+0008  1.62544E+0006  2.50966E+0003  1.27363E-0003  7.14733E+0011  1.07999E+0006  1.86432E+0007 
0.20880E+06    6.64818E+0007  2.03186E+0008  2.39874E+0006  4.14243E+0003  2.10227E-0003  7.12786E+0011  1.58658E+0006  1.67782E+0007 
0.21240E+06    6.79963E+0007  2.18500E+0008  2.66944E+0006  4.74086E+0003  2.40598E-0003  7.10401E+0011  1.64743E+0006  1.51988E+0007 
0.21600E+06    6.94382E+0007  2.21142E+0008  2.70867E+0006  4.81867E+0003  2.44548E-0003  7.07903E+0011  1.53756E+0006  1.38727E+0007 
0.21960E+06    7.07532E+0007  2.21409E+0008  2.70568E+0006  4.80162E+0003  2.43684E-0003  7.05402E+0011  1.41129E+0006  1.26944E+0007 
0.22320E+06    7.19434E+0007  2.19926E+0008  2.66300E+0006  4.69086E+0003  2.38064E-0003  7.02919E+0011  1.27592E+0006  1.16509E+0007 
0.22680E+06    7.29819E+0007  2.07733E+0008  2.39823E+0006  4.07122E+0003  2.06618E-0003  7.00551E+0011  1.04840E+0006  1.08532E+0007 
0.23040E+06    7.37750E+0007  1.68067E+0008  1.65977E+0006  2.45291E+0003  1.24488E-0003  6.98597E+0011  6.33996E+0005  1.04910E+0007 
0.23400E+06    7.41942E+0007  8.71697E+0007  5.60327E+0005  4.10583E+0002  2.08374E-0004  6.97480E+0011  1.19847E+0005  1.05793E+0007 
0.23760E+06    7.42896E+0007  2.50860E+0007  1.19202E+0005  2.52083E-0007 -2.00033E-0243  6.97176E+0011  2.63943E-0001  1.00890E+0007 
0.24120E+06    7.43199E+0007  1.35938E+0007  6.49395E+0004  7.48160E-0008  0.00000E+0000  6.97067E+0011  5.18529E-0001  9.46487E+0006 
0.24480E+06    7.43374E+0007  9.31677E+0006  4.46303E+0004  3.53374E-0008  0.00000E+0000  6.97000E+0011  7.18663E-0001  8.90889E+0006 
0.24840E+06    7.43493E+0007  7.08403E+0006  3.40012E+0004  2.05099E-0008  0.00000E+0000  6.96951E+0011  8.77823E-0001  8.39996E+0006 
0.25200E+06    7.43581E+0007  5.71286E+0006  2.74632E+0004  1.33807E-0008  0.00000E+0000  6.96913E+0011  1.00396E+0000  7.92961E+0006 
0.25560E+06    7.43649E+0007  4.78536E+0006  2.30356E+0004  9.41398E-0009  0.00000E+0000  6.96881E+0011  1.10262E+0000  7.49289E+0006 
0.25920E+06    7.43703E+0007  4.11625E+0006  1.98383E+0004  6.98209E-0009  0.00000E+0000  6.96854E+0011  1.17841E+0000  7.08637E+0006 
0.26280E+06    7.43748E+0007  3.61083E+0006  1.74211E+0004  5.38427E-0009  0.00000E+0000  6.96831E+0011  1.23507E+0000  6.70732E+0006 
0.26640E+06    7.43785E+0007  3.21561E+0006  1.55294E+0004  4.27846E-0009  0.00000E+0000  6.96810E+0011  1.27575E+0000  6.35345E+0006 
0.27000E+06    7.43817E+0007  2.89813E+0006  1.40087E+0004  3.48154E-0009  0.00000E+0000  6.96792E+0011  1.30308E+0000  6.02277E+0006 
0.27360E+06    7.43844E+0007  2.63751E+0006  1.27595E+0004  2.88830E-0009  0.00000E+0000  6.96775E+0011  1.31929E+0000  5.71352E+0006 
0.27720E+06    7.43867E+0007  2.41977E+0006  1.17150E+0004  2.43480E-0009  0.00000E+0000  6.96759E+0011  1.32628E+0000  5.42412E+0006 
0.28080E+06    7.43888E+0007  2.23512E+0006  1.08288E+0004  2.08034E-0009  0.00000E+0000  6.96745E+0011  1.32565E+0000  5.15313E+0006 
0.28440E+06    7.43905E+0007  2.07658E+0006  1.00673E+0004  1.79804E-0009  0.00000E+0000  6.96732E+0011  1.31877E+0000  4.89923E+0006 
0.28800E+06    7.44064E+0007  2.82810E+0007  2.91293E+0005  4.10127E+0002  2.08137E-0004  6.96686E+0011  1.15665E+0005  1.01848E+0007 
0.29160E+06    7.47541E+0007  1.56171E+0008  1.60733E+0006  2.44290E+0003  1.23980E-0003  6.95747E+0011  5.69461E+0005  9.59955E+0006 
0.29520E+06    7.54109E+0007  2.04427E+0008  2.37458E+0006  4.03222E+0003  2.04641E-0003  6.93847E+0011  8.39106E+0005  8.67012E+0006 
0.29880E+06    7.61457E+0007  2.19750E+0008  2.64328E+0006  4.61470E+0003  2.34203E-0003  6.91518E+0011  8.75876E+0005  7.89594E+0006 
0.30240E+06    7.68457E+0007  2.22326E+0008  2.68217E+0006  4.69042E+0003  2.38046E-0003  6.89082E+0011  8.22572E+0005  7.25181E+0006 
0.30600E+06    7.74848E+0007  2.22509E+0008  2.67910E+0006  4.67380E+0003  2.37204E-0003  6.86643E+0011  7.60096E+0005  6.68022E+0006 
0.30960E+06    7.80638E+0007  2.20938E+0008  2.63656E+0006  4.56597E+0003  2.31732E-0003  6.84221E+0011  6.92123E+0005  6.17473E+0006 
0.31320E+06    7.85698E+0007  2.08618E+0008  2.37328E+0006  3.96282E+0003  2.01121E-0003  6.81913E+0011  5.73066E+0005  5.79443E+0006 
0.31680E+06    7.89572E+0007  1.68737E+0008  1.63967E+0006  2.38760E+0003  1.21175E-0003  6.80009E+0011  3.49226E+0005  5.63944E+0006 
0.32040E+06    7.91625E+0007  8.75050E+0007  5.49809E+0005  3.99650E+0002  2.02830E-0004  6.78922E+0011  6.64945E+0004  5.71349E+0006 
0.32400E+06    7.92089E+0007  2.51834E+0007  1.16038E+0005  2.38878E-0007  2.73920E-0233  6.78626E+0011  7.78413E-0002  5.46123E+0006 
0.32760E+06    7.92236E+0007  1.36515E+0007  6.31973E+0004  7.08554E-0008  8.33744E-0315  6.78521E+0011  1.52995E-0001  5.13285E+0006 
0.33120E+06    7.92320E+0007  9.36000E+0006  4.34238E+0004  3.34527E-0008  8.33744E-0315  6.78456E+0011  2.12479E-0001  4.83969E+0006 
0.33480E+06    7.92377E+0007  7.11954E+0006  3.30761E+0004  1.94091E-0008  8.33744E-0315  6.78409E+0011  2.60151E-0001  4.57078E+0006 
0.33840E+06    7.92418E+0007  5.74349E+0006  2.67118E+0004  1.26585E-0008  8.33744E-0315  6.78372E+0011  2.98268E-0001  4.32176E+0006 
0.34200E+06    7.92451E+0007  4.81257E+0006  2.24019E+0004  8.90322E-0009  8.33744E-0315  6.78342E+0011  3.28387E-0001  4.09012E+0006 
0.34560E+06    7.92476E+0007  4.14091E+0006  1.92900E+0004  6.60145E-0009  8.33744E-0315  6.78316E+0011  3.51818E-0001  3.87409E+0006 
0.34920E+06    7.92497E+0007  3.63348E+0006  1.69374E+0004  5.08943E-0009  8.33744E-0315  6.78293E+0011  3.69623E-0001  3.67230E+0006 
0.35280E+06    7.92514E+0007  3.23662E+0006  1.50964E+0004  4.04319E-0009  8.33744E-0315  6.78273E+0011  3.82696E-0001  3.48358E+0006 
0.35640E+06    7.92529E+0007  2.91776E+0006  1.36165E+0004  3.28934E-0009  8.33744E-0315  6.78255E+0011  3.91791E-0001  3.30691E+0006 
0.36000E+06    7.92541E+0007  2.65598E+0006  1.24010E+0004  2.72827E-0009  8.33744E-0315  6.78239E+0011  3.97552E-0001  3.14142E+0006 
0.36360E+06    7.92551E+0007  2.43721E+0006  1.13847E+0004  2.29942E-0009  8.33744E-0315  6.78224E+0011  4.00526E-0001  2.98627E+0006 
0.36720E+06    7.92560E+0007  2.25166E+0006  1.05224E+0004  1.96428E-0009  8.33744E-0315  6.78210E+0011  4.01179E-0001  2.84076E+0006 
0.37080E+06    7.92568E+0007  2.09232E+0006  9.78152E+0003  1.69742E-0009  8.33744E-0315  6.78198E+0011  3.99911E-0001  2.70419E+0006 
0.37440E+06    7.92645E+0007  2.84114E+0007  2.87999E+0005  3.99202E+0002  2.02599E-0004  6.78151E+0011  6.41356E+0004  5.51475E+0006 
0.37800E+06    7.94353E+0007  1.56762E+0008  1.58871E+0006  2.37786E+0003  1.20681E-0003  6.77237E+0011  3.16354E+0005  5.20645E+0006 
0.38160E+06    7.97570E+0007  2.05147E+0008  2.34997E+0006  3.92487E+0003  1.99196E-0003  6.75386E+0011  4.68687E+0005  4.73040E+0006 
0.38520E+06    8.01164E+0007  2.20453E+0008  2.61666E+0006  4.49185E+0003  2.27971E-0003  6.73118E+0011  4.93310E+0005  4.34454E+0006 
0.38880E+06    8.04588E+0007  2.22972E+0008  2.65514E+0006  4.56555E+0003  2.31712E-0003  6.70746E+0011  4.67773E+0005  4.02865E+0006 
0.39240E+06    8.07717E+0007  2.23088E+0008  2.65195E+0006  4.54938E+0003  2.30892E-0003  6.68371E+0011  4.36690E+0005  3.74921E+0006 
0.39600E+06    8.10556E+0007  2.21449E+0008  2.60951E+0006  4.44443E+0003  2.25565E-0003  6.66015E+0011  4.01949E+0005  3.50286E+0006 
0.39960E+06    8.13041E+0007  2.09047E+0008  2.34777E+0006  3.85734E+0003  1.95770E-0003  6.63769E+0011  3.36546E+0005  3.32315E+0006 
0.40320E+06    8.14953E+0007  1.69054E+0008  1.61927E+0006  2.32405E+0003  1.17951E-0003  6.61917E+0011  2.07277E+0005  3.26595E+0006 
0.40680E+06    8.15972E+0007  8.76790E+0007  5.39477E+0005  3.89013E+0002  1.97434E-0004  6.60860E+0011  3.98158E+0004  3.32944E+0006 
0.41040E+06    8.16202E+0007  2.52536E+0007  1.13105E+0005  2.26957E-0007  7.71520E-0214  6.60573E+0011  2.68566E-0002  3.19024E+0006 
0.41400E+06    8.16274E+0007  1.36948E+0007  6.16041E+0004  6.73280E-0008 -5.64112E-0315  6.60471E+0011  5.26955E-0002  3.00391E+0006 
0.41760E+06    8.16314E+0007  9.39214E+0006  4.23279E+0004  3.17856E-0008  0.00000E+0000  6.60408E+0011  7.32655E-0002  2.83716E+0006 
0.42120E+06    8.16342E+0007  7.14555E+0006  3.22397E+0004  1.84399E-0008  0.00000E+0000  6.60362E+0011  8.98622E-0002  2.68387E+0006 
0.42480E+06    8.16362E+0007  5.76559E+0006  2.60348E+0004  1.20250E-0008  0.00000E+0000  6.60326E+0011  1.03235E-0001  2.54163E+0006 
0.42840E+06    8.16377E+0007  4.83193E+0006  2.18329E+0004  8.45667E-0009  0.00000E+0000  6.60297E+0011  1.13897E-0001  2.40906E+0006 
0.43200E+06    8.16388E+0007  4.15822E+0006  1.87989E+0004  6.26960E-0009  0.00000E+0000  6.60272E+0011  1.22283E-0001  2.28519E+0006 
